[2019-09-21T09:14:33.573] [INFO] resLogger - 
*************** response log start ***************
request method: POST
request originalUrl:  /api/user/getMessageNum
request client ip:  ::ffff:192.168.0.178
request body: 
{}
response time: 3
response status: 200
response body: 
{"code":1,"data":0,"msg":"success"}
*************** response log end ***************

[2019-09-21T09:14:38.562] [INFO] resLogger - 
*************** response log start ***************
request method: POST
request originalUrl:  /api/user/getMessageNum
request client ip:  ::ffff:192.168.0.178
request body: 
{}
response time: 1
response status: 200
response body: 
{"code":1,"data":0,"msg":"success"}
*************** response log end ***************

[2019-09-21T09:14:43.564] [INFO] resLogger - 
*************** response log start ***************
request method: POST
request originalUrl:  /api/user/getMessageNum
request client ip:  ::ffff:192.168.0.178
request body: 
{}
response time: 2
response status: 200
response body: 
{"code":1,"data":0,"msg":"success"}
*************** response log end ***************

