[2019-09-19T23:59:58.291] [INFO] resLogger - 
*************** response log start ***************
request method: POST
request originalUrl:  /api/user/getUserDetail
request client ip:  ::ffff:192.168.0.100
request body: 
{}
response time: 0
response status: 200
response body: 
{"code":0,"data":{},"msg":"请先登录"}
*************** response log end ***************

[2019-09-19T23:59:58.341] [INFO] resLogger - 
*************** response log start ***************
request method: POST
request originalUrl:  /api/user/getUserDetail
request client ip:  ::ffff:192.168.0.100
request body: 
{}
response time: 1
response status: 200
response body: 
{"code":0,"data":{},"msg":"请先登录"}
*************** response log end ***************

[2019-09-19T23:59:58.401] [INFO] resLogger - 
*************** response log start ***************
request method: POST
request originalUrl:  /api/user/getUserDetail
request client ip:  ::ffff:192.168.0.100
request body: 
{}
response time: 0
response status: 200
response body: 
{"code":0,"data":{},"msg":"请先登录"}
*************** response log end ***************

